=========================
Fcitx 5.0.13 -- Get Signal No.: 6
Date: try "date -d @1644810966" if you are using GNU date ***
ProcessID: 33896
fcitx5(+0xd324)[0x55feea4a9324]
/usr/lib/libc.so.6(+0x3cda0)[0x7f464b4f6da0]
/usr/lib/libc.so.6(gsignal+0x142)[0x7f464b4f6d22]
/usr/lib/libc.so.6(abort+0x116)[0x7f464b4e0862]
/usr/lib/libc.so.6(+0x26747)[0x7f464b4e0747]
/usr/lib/libc.so.6(+0x35616)[0x7f464b4ef616]
/usr/lib/libchewing.so.3(+0xf056)[0x7f464831e056]
/usr/lib/libchewing.so.3(+0xf0d9)[0x7f464831e0d9]
/usr/lib/libchewing.so.3(chewing_handle_Down+0xb2)[0x7f4648317ca2]
/usr/lib/fcitx5/chewing.so(+0x98fe)[0x7f46483698fe]
/usr/lib/libFcitx5Core.so.7(_ZNK5fcitx8Instance9postEventERNS_5EventE+0x251)[0x7f464b9f2b81]
/usr/lib/libFcitx5Core.so.7(_ZN5fcitx12InputContext8keyEventERNS_8KeyEventE+0xac)[0x7f464ba18f0c]
/usr/lib/fcitx5/libdbusfrontend.so(+0xb2a5)[0x7f4649f3c2a5]
/usr/lib/fcitx5/libdbusfrontend.so(+0x13a26)[0x7f4649f44a26]
/usr/lib/libFcitx5Utils.so.2(+0x35bf9)[0x7f464b931bf9]
/usr/lib/libFcitx5Utils.so.2(+0x3b73e)[0x7f464b93773e]
/usr/lib/libsystemd.so.0(+0x37477)[0x7f464b399477]
/usr/lib/libsystemd.so.0(+0x4676c)[0x7f464b3a876c]
/usr/lib/libsystemd.so.0(+0x4e938)[0x7f464b3b0938]
/usr/lib/libsystemd.so.0(+0x7a06b)[0x7f464b3dc06b]
/usr/lib/libsystemd.so.0(sd_event_dispatch+0x13e)[0x7f464b3dc26e]
/usr/lib/libsystemd.so.0(sd_event_run+0x119)[0x7f464b3def79]
/usr/lib/libsystemd.so.0(sd_event_loop+0x60)[0x7f464b3df150]
/usr/lib/libFcitx5Utils.so.2(_ZN5fcitx9EventLoop4execEv+0x16)[0x7f464b9361d6]
/usr/lib/libFcitx5Core.so.7(_ZN5fcitx8Instance4execEv+0x57)[0x7f464b9f1847]
fcitx5(+0xb7f8)[0x55feea4a77f8]
/usr/lib/libc.so.6(__libc_start_main+0xd5)[0x7f464b4e1b25]
fcitx5(+0xc7fe)[0x55feea4a87fe]
